生成启动时间为 2015/7/6 23:50:45。
     1>项目“D:\c_works\mfc\LineChartControlDemo\LineChartControlDemo.vcxproj”在节点 2 上(Rebuild 个目标)。
     1>ClCompile:
         C:\Program Files (x86)\Microsoft Visual Studio 12.0\VC\bin\CL.exe /c /I../ig500a/src /ZI /nologo /W3 /WX- /Od /Oy- /D WIN32 /D _WINDOWS /D _DEBUG /D _VC80_UPGRADE=0x0710 /D _MBCS /Gm /EHsc /RTC1 /MTd /GS /fp:precise /Zc:wchar_t /Zc:forScope /Yc"stdafx.h" /Fp"Debug\LineChartControlDemo.pch" /Fo"Debug\\" /Fd"Debug\vc120.pdb" /Gd /TP /analyze- /errorReport:prompt stdafx.cpp
         stdafx.cpp
     1>c:\program files (x86)\microsoft visual studio 12.0\vc\atlmfc\include\afx.h(38): warning C4996: 'MBCS_Support_Deprecated_In_MFC': MBCS support in MFC is deprecated and may be removed in a future version of MFC.
                 c:\program files (x86)\microsoft visual studio 12.0\vc\atlmfc\include\afx.h(33) : 参见“MBCS_Support_Deprecated_In_MFC”的声明
         C:\Program Files (x86)\Microsoft Visual Studio 12.0\VC\bin\CL.exe /c /I../ig500a/src /ZI /nologo /W3 /WX- /Od /Oy- /D WIN32 /D _WINDOWS /D _DEBUG /D _VC80_UPGRADE=0x0710 /D _MBCS /Gm /EHsc /RTC1 /MTd /GS /fp:precise /Zc:wchar_t /Zc:forScope /Yu"stdafx.h" /Fp"Debug\LineChartControlDemo.pch" /Fo"Debug\\" /Fd"Debug\vc120.pdb" /Gd /TP /analyze- /errorReport:prompt ig500Trigger.cpp LineChartControlDemo.cpp LineChartControlDemoDlg.cpp Plot.cpp
         Plot.cpp
         LineChartControlDemoDlg.cpp
         LineChartControlDemo.cpp
         ig500Trigger.cpp
     1>d:\c_works\mfc\ig500a\src\protocol\protocoloutput.h : warning C4819: 该文件包含不能在当前代码页(936)中表示的字符。请将该文件保存为 Unicode 格式以防止数据丢失
     1>d:\c_works\mfc\ig500a\src\protocol\extdevices\extnmea.h : warning C4819: 该文件包含不能在当前代码页(936)中表示的字符。请将该文件保存为 Unicode 格式以防止数据丢失
     1>d:\c_works\mfc\linechartcontroldemo\ig500trigger.cpp(217): warning C4244: “+=”: 从“double”转换到“float”，可能丢失数据
     1>d:\c_works\mfc\linechartcontroldemo\ig500trigger.cpp(218): warning C4244: “+=”: 从“double”转换到“float”，可能丢失数据
     1>d:\c_works\mfc\linechartcontroldemo\ig500trigger.cpp(219): warning C4244: “+=”: 从“double”转换到“float”，可能丢失数据
     1>d:\c_works\mfc\linechartcontroldemo\ig500trigger.cpp(221): warning C4244: “+=”: 从“double”转换到“float”，可能丢失数据
     1>d:\c_works\mfc\linechartcontroldemo\ig500trigger.cpp(222): warning C4244: “+=”: 从“double”转换到“float”，可能丢失数据
     1>d:\c_works\mfc\linechartcontroldemo\ig500trigger.cpp(223): warning C4244: “+=”: 从“double”转换到“float”，可能丢失数据
         正在生成代码...
       ResourceCompile:
         C:\Program Files (x86)\Windows Kits\8.1\bin\x86\rc.exe /D _DEBUG /D _VC80_UPGRADE=0x0710 /l"0x0409" /IDebug\ /nologo /fo"Debug\LineChartControlDemo.res" LineChartControlDemo.rc 
       Link:
         C:\Program Files (x86)\Microsoft Visual Studio 12.0\VC\bin\link.exe /ERRORREPORT:PROMPT /OUT:"Debug\LineChartControlDemo.exe" /NOLOGO /LIBPATH:../ig500a sbgComSeriald.lib /NODEFAULTLIB:msvcrtd.lib /MANIFEST /MANIFESTUAC:"level='asInvoker' uiAccess='false'" /manifest:embed /manifestinput:"C:\Program Files (x86)\Microsoft Visual Studio 12.0\VC\Include\Manifest\dpiaware.manifest" /DEBUG /PDB:"Debug\LineChartControlDemo.pdb" /SUBSYSTEM:WINDOWS /TLBID:1 /DYNAMICBASE /NXCOMPAT /IMPLIB:"Debug\LineChartControlDemo.lib" /MACHINE:X86 /SAFESEH Debug\LineChartControlDemo.res
         Debug\ig500Trigger.obj
         Debug\LineChartControlDemo.obj
         Debug\LineChartControlDemoDlg.obj
         Debug\Plot.obj
         Debug\stdafx.obj
     1>ig500Trigger.obj : warning LNK4075: 忽略“/EDITANDCONTINUE”(由于“/SAFESEH”规范)
     1>sbgComSeriald.lib(sbgCom.obj) : warning LNK4217: 本地定义的符号 _sprintf 在函数 _sbgComErrorToString 中导入
     1>sbgComSeriald.lib(protocol.obj) : warning LNK4217: 本地定义的符号 _free 在函数 _sbgProtocolClose 中导入
     1>sbgComSeriald.lib(protocol.obj) : warning LNK4217: 本地定义的符号 _malloc 在函数 _sbgProtocolInit 中导入
     1>sbgComSeriald.lib(protocol.obj) : warning LNK4217: 本地定义的符号 _memmove 在函数 _sbgProtocolReceive 中导入
     1>sbgComSeriald.lib(comSerialWin.obj) : warning LNK4217: 本地定义的符号 ___iob_func 在函数 _sbgDeviceOpen 中导入
     1>sbgComSeriald.lib(comSerialWin.obj) : warning LNK4217: 本地定义的符号 _fprintf 在函数 _sbgDeviceOpen 中导入
     1>sbgComSeriald.lib(comSerialWin.obj) : warning LNK4217: 本地定义的符号 _sprintf_s 在函数 _sbgDeviceOpen 中导入
     1>sbgComSeriald.lib(comSerialWin.obj) : warning LNK4217: 本地定义的符号 _sscanf_s 在函数 _sbgDeviceOpen 中导入
     1>sbgComSeriald.lib(comSerialWin.obj) : warning LNK4217: 本地定义的符号 _strcpy_s 在函数 _sbgGetWindowsErrorMsg 中导入
     1>sbgComSeriald.lib(sbgCom.obj) : warning LNK4204: “D:\c_works\mfc\LineChartControlDemo\Debug\vc120.pdb”缺少引用模块的调试信息；正在链接对象，如同没有调试信息一样
     1>sbgComSeriald.lib(comSerialWin.obj) : warning LNK4204: “D:\c_works\mfc\LineChartControlDemo\Debug\vc120.pdb”缺少引用模块的调试信息；正在链接对象，如同没有调试信息一样
     1>sbgComSeriald.lib(commands.obj) : warning LNK4204: “D:\c_works\mfc\LineChartControlDemo\Debug\vc120.pdb”缺少引用模块的调试信息；正在链接对象，如同没有调试信息一样
     1>sbgComSeriald.lib(commandsOutput.obj) : warning LNK4204: “D:\c_works\mfc\LineChartControlDemo\Debug\vc120.pdb”缺少引用模块的调试信息；正在链接对象，如同没有调试信息一样
     1>sbgComSeriald.lib(protocol.obj) : warning LNK4204: “D:\c_works\mfc\LineChartControlDemo\Debug\vc120.pdb”缺少引用模块的调试信息；正在链接对象，如同没有调试信息一样
     1>sbgComSeriald.lib(protocolOutput.obj) : warning LNK4204: “D:\c_works\mfc\LineChartControlDemo\Debug\vc120.pdb”缺少引用模块的调试信息；正在链接对象，如同没有调试信息一样
     1>sbgComSeriald.lib(protocolOutputMode.obj) : warning LNK4204: “D:\c_works\mfc\LineChartControlDemo\Debug\vc120.pdb”缺少引用模块的调试信息；正在链接对象，如同没有调试信息一样
     1>sbgComSeriald.lib(sbgTime.obj) : warning LNK4204: “D:\c_works\mfc\LineChartControlDemo\Debug\vc120.pdb”缺少引用模块的调试信息；正在链接对象，如同没有调试信息一样
         LineChartControlDemo.vcxproj -> D:\c_works\mfc\LineChartControlDemo\Debug\LineChartControlDemo.exe
     1>已完成生成项目“D:\c_works\mfc\LineChartControlDemo\LineChartControlDemo.vcxproj”(Rebuild 个目标)的操作。

生成成功。

已用时间 00:00:10.18
