d:\c_works\mfc\linechartcontroldemo\debug\linechartcontroldemo.pch
d:\c_works\mfc\linechartcontroldemo\debug\vc120.pdb
d:\c_works\mfc\linechartcontroldemo\debug\vc120.idb
d:\c_works\mfc\linechartcontroldemo\debug\stdafx.obj
d:\c_works\mfc\linechartcontroldemo\debug\ig500trigger.obj
d:\c_works\mfc\linechartcontroldemo\debug\linechartcontroldemo.obj
d:\c_works\mfc\linechartcontroldemo\debug\linechartcontroldemodlg.obj
d:\c_works\mfc\linechartcontroldemo\debug\plot.obj
d:\c_works\mfc\linechartcontroldemo\debug\linechartcontroldemo.ilk
d:\c_works\mfc\linechartcontroldemo\debug\linechartcontroldemo.exe
d:\c_works\mfc\linechartcontroldemo\debug\linechartcontroldemo.pdb
d:\c_works\mfc\linechartcontroldemo\debug\linechartcontroldemo.res
d:\c_works\mfc\linechartcontroldemo\debug\linechar.69cd1ffa.tlog\cl.command.1.tlog
d:\c_works\mfc\linechartcontroldemo\debug\linechar.69cd1ffa.tlog\cl.read.1.tlog
d:\c_works\mfc\linechartcontroldemo\debug\linechar.69cd1ffa.tlog\cl.write.1.tlog
d:\c_works\mfc\linechartcontroldemo\debug\linechar.69cd1ffa.tlog\link.command.1.tlog
d:\c_works\mfc\linechartcontroldemo\debug\linechar.69cd1ffa.tlog\link.read.1.tlog
d:\c_works\mfc\linechartcontroldemo\debug\linechar.69cd1ffa.tlog\link.write.1.tlog
d:\c_works\mfc\linechartcontroldemo\debug\linechar.69cd1ffa.tlog\rc.command.1.tlog
d:\c_works\mfc\linechartcontroldemo\debug\linechar.69cd1ffa.tlog\rc.read.1.tlog
d:\c_works\mfc\linechartcontroldemo\debug\linechar.69cd1ffa.tlog\rc.write.1.tlog
